<?xml version="1.0" encoding="UTF-8"?>
<coverage generated="1671791042285" clover="3.2.0">
  <project timestamp="1671791042285" name="All files">
    <metrics statements="22" coveredstatements="21" conditionals="4" coveredconditionals="3" methods="5" coveredmethods="5" elements="31" coveredelements="29" complexity="0" loc="22" ncloc="22" packages="1" files="1" classes="1"/>
    <file name="utils.js" path="/home/sergei/javascript_education/frontend-bootcamp-project-46/src/utils.js">
      <metrics statements="22" coveredstatements="21" conditionals="4" coveredconditionals="3" methods="5" coveredmethods="5"/>
      <line num="7" count="1" type="stmt"/>
      <line num="8" count="3" type="stmt"/>
      <line num="9" count="3" type="cond" truecount="1" falsecount="1"/>
      <line num="10" count="0" type="stmt"/>
      <line num="12" count="3" type="stmt"/>
      <line num="15" count="1" type="stmt"/>
      <line num="16" count="1" type="stmt"/>
      <line num="17" count="1" type="stmt"/>
      <line num="18" count="1" type="stmt"/>
      <line num="19" count="1" type="stmt"/>
      <line num="20" count="1" type="stmt"/>
      <line num="21" count="1" type="stmt"/>
      <line num="22" count="1" type="stmt"/>
      <line num="23" count="1" type="stmt"/>
      <line num="24" count="1" type="stmt"/>
      <line num="25" count="2" type="cond" truecount="2" falsecount="0"/>
      <line num="26" count="1" type="stmt"/>
      <line num="28" count="1" type="stmt"/>
      <line num="30" count="2" type="stmt"/>
      <line num="33" count="1" type="stmt"/>
      <line num="36" count="1" type="stmt"/>
      <line num="37" count="1" type="stmt"/>
    </file>
  </project>
</coverage>
