TN:
SF:src/parsers.js
FN:5,parser
FNF:1
FNH:1
FNDA:6,parser
DA:1,1
DA:2,1
DA:3,1
DA:4,1
DA:5,1
DA:6,6
DA:7,6
DA:8,3
DA:9,3
DA:10,3
DA:11,3
DA:12,1
LF:12
LH:12
BRDA:5,0,0,6
BRDA:7,1,0,3
BRF:2
BRH:2
end_of_record
TN:
SF:src/utils.js
FN:7,filesCompare
FN:32,getFixturePath
FNF:2
FNH:2
FNDA:2,filesCompare
FNDA:6,getFixturePath
DA:1,1
DA:2,1
DA:3,1
DA:4,1
DA:5,1
DA:6,1
DA:7,1
DA:8,2
DA:9,2
DA:10,2
DA:11,2
DA:12,2
DA:13,2
DA:14,2
DA:15,2
DA:16,2
DA:17,4
DA:18,2
DA:19,2
DA:20,2
DA:21,2
DA:22,2
DA:23,4
DA:24,2
DA:25,2
DA:26,2
DA:27,2
DA:28,2
DA:29,2
DA:30,2
DA:31,1
DA:32,1
DA:33,6
DA:34,6
DA:35,6
DA:36,6
DA:37,1
LF:37
LH:37
BRDA:7,0,0,2
BRDA:16,1,0,4
BRDA:17,2,0,2
BRDA:22,3,0,4
BRDA:25,4,0,2
BRDA:32,5,0,6
BRF:6
BRH:6
end_of_record
